<?xml version="1.0" encoding="UTF-8"?>
<!-- Generated by org.testng.reporters.JUnitReportReporter -->
<testsuite hostname="Md-Ebrahim" failures="0" tests="1" name="headlessbrowserhandle.HeadlessFirefoxBrowserInPlaywright" time="1.711" errors="0" timestamp="2024-06-08T23:27:30 EDT" skipped="0">
  <testcase classname="headlessbrowserhandle.HeadlessFirefoxBrowserInPlaywright" name="openUrl" time="1.711"/>
</testsuite> <!-- headlessbrowserhandle.HeadlessFirefoxBrowserInPlaywright -->
