<?xml version="1.0" encoding="UTF-8"?>
<!-- Generated by org.testng.reporters.JUnitReportReporter -->
<testsuite hostname="DESKTOP-LQEM3VC" failures="0" tests="1" name="webdrivergetcommands.RetrieveTextByGetTextMethod" time="2.050" errors="0" timestamp="2024-03-30T05:30:50 EDT" skipped="0">
  <testcase classname="webdrivergetcommands.RetrieveTextByGetTextMethod" name="getTextMethod" time="2.050"/>
</testsuite> <!-- webdrivergetcommands.RetrieveTextByGetTextMethod -->
