<?xml version="1.0" encoding="UTF-8"?>
<!-- Generated by org.testng.reporters.JUnitReportReporter -->
<testsuite hostname="DESKTOP-LQEM3VC" failures="0" tests="1" name="formwebelementcommands.ClearMethod" time="6.141" errors="0" timestamp="2024-04-09T18:35:54 EDT" skipped="0">
  <testcase classname="formwebelementcommands.ClearMethod" name="clearMethod" time="6.141"/>
</testsuite> <!-- formwebelementcommands.ClearMethod -->
