<?xml version="1.0" encoding="UTF-8"?>
<!-- Generated by org.testng.reporters.JUnitReportReporter -->
<testsuite hostname="DESKTOP-LQEM3VC" failures="0" tests="1" name="alerthandling.AcceptConfirmAlert" time="3.110" errors="0" timestamp="2024-03-30T19:38:09 EDT" skipped="0">
  <testcase classname="alerthandling.AcceptConfirmAlert" name="acceptAlert" time="3.110"/>
</testsuite> <!-- alerthandling.AcceptConfirmAlert -->
