<?xml version="1.0" encoding="UTF-8"?>
<!-- Generated by org.testng.reporters.JUnitReportReporter -->
<testsuite hostname="DESKTOP-LQEM3VC" failures="0" tests="1" name="assertions.AssertEquals" time="0.054" errors="0" timestamp="2024-04-09T10:32:10 EDT" skipped="0">
  <testcase classname="assertions.AssertEquals" name="testAssertEquals" time="0.054"/>
</testsuite> <!-- assertions.AssertEquals -->
