<?xml version="1.0" encoding="UTF-8"?>
<!-- Generated by org.testng.reporters.JUnitReportReporter -->
<testsuite hostname="DESKTOP-LQEM3VC" failures="0" tests="1" name="mouseevents.ClickAndHold" time="3.133" errors="0" timestamp="2024-04-10T09:10:15 EDT" skipped="0">
  <testcase classname="mouseevents.ClickAndHold" name="clickAndHoldTest" time="3.133"/>
</testsuite> <!-- mouseevents.ClickAndHold -->
