<?xml version="1.0" encoding="UTF-8"?>
<!-- Generated by org.testng.reporters.JUnitReportReporter -->
<testsuite hostname="DESKTOP-LQEM3VC" failures="0" tests="1" name="iframehandling.CountTotalNumberOfIFrames" time="0.045" errors="0" timestamp="2024-04-05T08:41:05 EDT" skipped="0">
  <testcase classname="iframehandling.CountTotalNumberOfIFrames" name="countIframeNumber" time="0.045"/>
</testsuite> <!-- iframehandling.CountTotalNumberOfIFrames -->
