<?xml version="1.0" encoding="UTF-8"?>
<!-- Generated by org.testng.reporters.JUnitReportReporter -->
<testsuite hostname="DESKTOP-LQEM3VC" failures="0" tests="1" name="headlessbrowserhandle.HeadlessChromeBrowserInPlaywright" time="1.310" errors="0" timestamp="2024-05-06T23:36:23 EDT" skipped="0">
  <testcase classname="headlessbrowserhandle.HeadlessChromeBrowserInPlaywright" name="openUrl" time="1.310"/>
</testsuite> <!-- headlessbrowserhandle.HeadlessChromeBrowserInPlaywright -->
