<?xml version="1.0" encoding="UTF-8"?>
<!-- Generated by org.testng.reporters.JUnitReportReporter -->
<testsuite hostname="DESKTOP-LQEM3VC" failures="0" tests="1" name="headlessbrowserhandle.HeadlessEdgeBrowserInPlaywright" time="2.483" errors="0" timestamp="2024-05-16T23:39:07 EDT" skipped="0">
  <testcase classname="headlessbrowserhandle.HeadlessEdgeBrowserInPlaywright" name="openUrl" time="2.483"/>
</testsuite> <!-- headlessbrowserhandle.HeadlessEdgeBrowserInPlaywright -->
