<?xml version="1.0" encoding="UTF-8"?>
<!-- Generated by org.testng.reporters.JUnitReportReporter -->
<testsuite hostname="DESKTOP-LQEM3VC" failures="0" tests="1" name="dropdownhandling.SelectByValue" time="3.058" errors="0" timestamp="2024-03-30T20:34:38 EDT" skipped="0">
  <testcase classname="dropdownhandling.SelectByValue" name="selectByValue" time="3.058"/>
</testsuite> <!-- dropdownhandling.SelectByValue -->
