<?xml version="1.0" encoding="UTF-8"?>
<!-- Generated by org.testng.reporters.JUnitReportReporter -->
<testsuite hostname="DESKTOP-LQEM3VC" failures="0" tests="1" name="tabhandling.SwitchingOneTabToAnother" time="7.321" errors="0" timestamp="2024-04-10T13:24:25 EDT" skipped="0">
  <testcase classname="tabhandling.SwitchingOneTabToAnother" name="switchingTab" time="7.321"/>
</testsuite> <!-- tabhandling.SwitchingOneTabToAnother -->
