<?xml version="1.0" encoding="UTF-8"?>
<!-- Generated by org.testng.reporters.JUnitReportReporter -->
<testsuite hostname="DESKTOP-LQEM3VC" failures="0" tests="1" name="alerthandling.AcceptSimpleAlert" time="5.181" errors="0" timestamp="2024-03-31T12:58:23 EDT" skipped="0">
  <testcase classname="alerthandling.AcceptSimpleAlert" name="acceptAlert" time="5.181"/>
</testsuite> <!-- alerthandling.AcceptSimpleAlert -->
