<?xml version="1.0" encoding="UTF-8"?>
<!-- Generated by org.testng.reporters.JUnitReportReporter -->
<testsuite hostname="DESKTOP-LQEM3VC" failures="0" tests="1" name="windowhandling.CreateNewWindow" time="10.203" errors="0" timestamp="2024-04-21T11:25:08 EDT" skipped="0">
  <testcase classname="windowhandling.CreateNewWindow" name="createNewWindow" time="10.203"/>
</testsuite> <!-- windowhandling.CreateNewWindow -->
