<?xml version="1.0" encoding="UTF-8"?>
<!-- Generated by org.testng.reporters.JUnitReportReporter -->
<testsuite hostname="DESKTOP-LQEM3VC" failures="0" tests="1" name="dropdownhandling.SelectByVisibleText" time="3.061" errors="0" timestamp="2024-03-30T20:39:46 EDT" skipped="0">
  <testcase classname="dropdownhandling.SelectByVisibleText" name="selectByVisibleText" time="3.061"/>
</testsuite> <!-- dropdownhandling.SelectByVisibleText -->
