<?xml version="1.0" encoding="UTF-8"?>
<!-- Generated by org.testng.reporters.JUnitReportReporter -->
<testsuite hostname="DESKTOP-LQEM3VC" failures="0" tests="1" name="mouseevents.DoubleClick" time="3.140" errors="0" timestamp="2024-04-09T23:15:17 EDT" skipped="0">
  <testcase classname="mouseevents.DoubleClick" name="doubleClickTest" time="3.140"/>
</testsuite> <!-- mouseevents.DoubleClick -->
