<?xml version="1.0" encoding="UTF-8"?>
<!-- Generated by org.testng.reporters.JUnitReportReporter -->
<testsuite hostname="DESKTOP-LQEM3VC" failures="0" tests="2" name="webtablehandling.FetchCellValueOfParticularRowAndColumn" time="1.804" errors="1" timestamp="2024-04-12T06:34:44 EDT" skipped="1">
  <testcase classname="webtablehandling.FetchCellValueOfParticularRowAndColumn" name="openUrl" time="1.803">
    <error message="Error {
  message=&#039;Target page, context or browser has been closed
  name=&#039;TargetClosedError
  stack=&#039;TargetClosedError:Target page, context or browser has been closed
Error
    at captureRawStack (C:\Users\Asus\AppData\Local\Temp\playwright-java-7528512687764922432\package\lib\utils\stackTrace.js:50:17)
    at LongStandingScope._race (C:\Users\Asus\AppData\Local\Temp\playwright-java-7528512687764922432\package\lib\utils\manualPromise.js:91:52)
    at LongStandingScope.race (C:\Users\Asus\AppData\Local\Temp\playwright-java-7528512687764922432\package\lib\utils\manualPromise.js:84:17)
    at FrameDispatcher._handleCommand (C:\Users\Asus\AppData\Local\Temp\playwright-java-7528512687764922432\package\lib\server\dispatchers\dispatcher.js:96:36)
    at DispatcherConnection.dispatch (C:\Users\Asus\AppData\Local\Temp\playwright-java-7528512687764922432\package\lib\server\dispatchers\dispatcher.js:365:39)
}
Call log:
- navigating to &quot;https://demo.guru99.com/test/web-table-element.php&quot;, waiting until &quot;load&quot;
" type="com.microsoft.playwright.PlaywrightException">
      <![CDATA[com.microsoft.playwright.PlaywrightException: Error {
  message='Target page, context or browser has been closed
  name='TargetClosedError
  stack='TargetClosedError:Target page, context or browser has been closed
Error
    at captureRawStack (C:\Users\Asus\AppData\Local\Temp\playwright-java-7528512687764922432\package\lib\utils\stackTrace.js:50:17)
    at LongStandingScope._race (C:\Users\Asus\AppData\Local\Temp\playwright-java-7528512687764922432\package\lib\utils\manualPromise.js:91:52)
    at LongStandingScope.race (C:\Users\Asus\AppData\Local\Temp\playwright-java-7528512687764922432\package\lib\utils\manualPromise.js:84:17)
    at FrameDispatcher._handleCommand (C:\Users\Asus\AppData\Local\Temp\playwright-java-7528512687764922432\package\lib\server\dispatchers\dispatcher.js:96:36)
    at DispatcherConnection.dispatch (C:\Users\Asus\AppData\Local\Temp\playwright-java-7528512687764922432\package\lib\server\dispatchers\dispatcher.js:365:39)
}
Call log:
- navigating to "https://demo.guru99.com/test/web-table-element.php", waiting until "load"

at com.microsoft.playwright.impl.WaitableResult.get(WaitableResult.java:54)
at com.microsoft.playwright.impl.ChannelOwner.runUntil(ChannelOwner.java:120)
at com.microsoft.playwright.impl.Connection.sendMessage(Connection.java:130)
at com.microsoft.playwright.impl.ChannelOwner.sendMessage(ChannelOwner.java:106)
at com.microsoft.playwright.impl.FrameImpl.navigateImpl(FrameImpl.java:463)
at com.microsoft.playwright.impl.PageImpl.lambda$navigate$46(PageImpl.java:870)
at com.microsoft.playwright.impl.LoggingSupport.withLogging(LoggingSupport.java:47)
at com.microsoft.playwright.impl.ChannelOwner.withLogging(ChannelOwner.java:89)
at com.microsoft.playwright.impl.PageImpl.navigate(PageImpl.java:870)
at com.microsoft.playwright.impl.PageImpl.navigate(PageImpl.java:42)
at com.microsoft.playwright.Page.navigate(Page.java:5354)
at webtablehandling.FetchCellValueOfParticularRowAndColumn.openUrl(FetchCellValueOfParticularRowAndColumn.java:36)
at java.base/jdk.internal.reflect.NativeMethodAccessorImpl.invoke0(Native Method)
at java.base/jdk.internal.reflect.NativeMethodAccessorImpl.invoke(NativeMethodAccessorImpl.java:77)
at java.base/jdk.internal.reflect.DelegatingMethodAccessorImpl.invoke(DelegatingMethodAccessorImpl.java:43)
at java.base/java.lang.reflect.Method.invoke(Method.java:568)
at org.testng.internal.invokers.MethodInvocationHelper.invokeMethod(MethodInvocationHelper.java:139)
at org.testng.internal.invokers.MethodInvocationHelper.invokeMethodConsideringTimeout(MethodInvocationHelper.java:69)
at org.testng.internal.invokers.ConfigInvoker.invokeConfigurationMethod(ConfigInvoker.java:393)
at org.testng.internal.invokers.ConfigInvoker.invokeConfigurations(ConfigInvoker.java:326)
at org.testng.internal.invokers.TestMethodWorker.invokeBeforeClassMethods(TestMethodWorker.java:180)
at org.testng.internal.invokers.TestMethodWorker.run(TestMethodWorker.java:122)
at java.base/java.util.ArrayList.forEach(ArrayList.java:1511)
at org.testng.TestRunner.privateRun(TestRunner.java:819)
at org.testng.TestRunner.run(TestRunner.java:619)
at org.testng.SuiteRunner.runTest(SuiteRunner.java:443)
at org.testng.SuiteRunner.runSequentially(SuiteRunner.java:437)
at org.testng.SuiteRunner.privateRun(SuiteRunner.java:397)
at org.testng.SuiteRunner.run(SuiteRunner.java:336)
at org.testng.SuiteRunnerWorker.runSuite(SuiteRunnerWorker.java:52)
at org.testng.SuiteRunnerWorker.run(SuiteRunnerWorker.java:95)
at org.testng.TestNG.runSuitesSequentially(TestNG.java:1301)
at org.testng.TestNG.runSuitesLocally(TestNG.java:1228)
at org.testng.TestNG.runSuites(TestNG.java:1134)
at org.testng.TestNG.run(TestNG.java:1101)
at org.testng.remote.AbstractRemoteTestNG.run(AbstractRemoteTestNG.java:115)
at org.testng.remote.RemoteTestNG.initAndRun(RemoteTestNG.java:251)
at org.testng.remote.RemoteTestNG.main(RemoteTestNG.java:77)
Caused by: com.microsoft.playwright.impl.TargetClosedError: Error {
  message='Target page, context or browser has been closed
  name='TargetClosedError
  stack='TargetClosedError:Target page, context or browser has been closed
Error
    at captureRawStack (C:\Users\Asus\AppData\Local\Temp\playwright-java-7528512687764922432\package\lib\utils\stackTrace.js:50:17)
    at LongStandingScope._race (C:\Users\Asus\AppData\Local\Temp\playwright-java-7528512687764922432\package\lib\utils\manualPromise.js:91:52)
    at LongStandingScope.race (C:\Users\Asus\AppData\Local\Temp\playwright-java-7528512687764922432\package\lib\utils\manualPromise.js:84:17)
    at FrameDispatcher._handleCommand (C:\Users\Asus\AppData\Local\Temp\playwright-java-7528512687764922432\package\lib\server\dispatchers\dispatcher.js:96:36)
    at DispatcherConnection.dispatch (C:\Users\Asus\AppData\Local\Temp\playwright-java-7528512687764922432\package\lib\server\dispatchers\dispatcher.js:365:39)
}
Call log:
- navigating to "https://demo.guru99.com/test/web-table-element.php", waiting until "load"

at com.microsoft.playwright.impl.Connection.dispatch(Connection.java:256)
at com.microsoft.playwright.impl.Connection.processOneMessage(Connection.java:211)
at com.microsoft.playwright.impl.ChannelOwner.runUntil(ChannelOwner.java:118)
... 36 more
]]>
    </error>
  </testcase> <!-- openUrl -->
  <testcase classname="webtablehandling.FetchCellValueOfParticularRowAndColumn" name="fetchCellValueOfParticularRowAndColumn" time="0.001">
    <skipped/>
  </testcase> <!-- fetchCellValueOfParticularRowAndColumn -->
</testsuite> <!-- webtablehandling.FetchCellValueOfParticularRowAndColumn -->
