<?xml version="1.0" encoding="UTF-8"?>
<!-- Generated by org.testng.reporters.JUnitReportReporter -->
<testsuite hostname="DESKTOP-LQEM3VC" failures="0" tests="1" name="alerthandling.SendTextPromptAlert" time="7.202" errors="0" timestamp="2024-03-31T13:04:30 EDT" skipped="0">
  <testcase classname="alerthandling.SendTextPromptAlert" name="sendText" time="7.202"/>
</testsuite> <!-- alerthandling.SendTextPromptAlert -->
