<?xml version="1.0" encoding="UTF-8"?>
<!-- Generated by org.testng.reporters.JUnitReportReporter -->
<testsuite hostname="DESKTOP-LQEM3VC" failures="0" tests="1" name="windowhandling.CreateNewWindow" time="8.681" errors="0" timestamp="2024-04-10T23:47:55 EDT" skipped="0">
  <testcase classname="windowhandling.CreateNewWindow" name="createNewWindow" time="8.681"/>
</testsuite> <!-- windowhandling.CreateNewWindow -->
