<?xml version="1.0" encoding="UTF-8"?>
<!-- Generated by org.testng.reporters.JUnitReportReporter -->
<testsuite hostname="DESKTOP-LQEM3VC" failures="0" tests="1" name="iframehandling.SwitchToFramesByIndex" time="0.057" errors="0" timestamp="2024-04-05T17:11:37 EDT" skipped="0">
  <testcase classname="iframehandling.SwitchToFramesByIndex" name="idendtifyIFramesByIndex" time="0.057"/>
</testsuite> <!-- iframehandling.SwitchToFramesByIndex -->
