<?xml version="1.0" encoding="UTF-8"?>
<!-- Generated by org.testng.reporters.JUnitReportReporter -->
<testsuite hostname="DESKTOP-LQEM3VC" failures="0" tests="1" name="mouseevents.DragAndDrop" time="3.098" errors="0" timestamp="2024-04-09T23:26:23 EDT" skipped="0">
  <testcase classname="mouseevents.DragAndDrop" name="dragAndDropTest" time="3.098"/>
</testsuite> <!-- mouseevents.DragAndDrop -->
