<?xml version="1.0" encoding="UTF-8"?>
<!-- Generated by org.testng.reporters.JUnitReportReporter -->
<testsuite hostname="DESKTOP-LQEM3VC" failures="0" tests="1" name="headlessbrowserhandle.HeadlessEdgeBrowserInPlaywright" time="2.370" errors="0" timestamp="2024-05-06T23:37:20 EDT" skipped="0">
  <testcase classname="headlessbrowserhandle.HeadlessEdgeBrowserInPlaywright" name="openUrl" time="2.370"/>
</testsuite> <!-- headlessbrowserhandle.HeadlessEdgeBrowserInPlaywright -->
