<?xml version="1.0" encoding="UTF-8"?>
<!-- Generated by org.testng.reporters.JUnitReportReporter -->
<testsuite hostname="DESKTOP-LQEM3VC" failures="0" tests="1" name="headlessbrowserhandle.HeadlessChromeBrowserInPlaywright" time="0.936" errors="0" timestamp="2024-05-15T23:09:52 EDT" skipped="0">
  <testcase classname="headlessbrowserhandle.HeadlessChromeBrowserInPlaywright" name="openUrl" time="0.936"/>
</testsuite> <!-- headlessbrowserhandle.HeadlessChromeBrowserInPlaywright -->
