<?xml version="1.0" encoding="UTF-8"?>
<!-- Generated by org.testng.reporters.JUnitReportReporter -->
<testsuite hostname="DESKTOP-LQEM3VC" failures="0" tests="1" name="keyboardevents.KeyboardEvents" time="10.420" errors="0" timestamp="2024-04-02T06:07:28 EDT" skipped="0">
  <testcase classname="keyboardevents.KeyboardEvents" name="keyBoardEvent" time="10.420"/>
</testsuite> <!-- keyboardevents.KeyboardEvents -->
