<?xml version="1.0" encoding="UTF-8"?>
<!-- Generated by org.testng.reporters.JUnitReportReporter -->
<testsuite hostname="DESKTOP-LQEM3VC" failures="0" tests="1" name="alerthandling.AcceptSimpleAlert" time="5.183" errors="0" timestamp="2024-05-03T22:23:56 EDT" skipped="0">
  <testcase classname="alerthandling.AcceptSimpleAlert" name="acceptAlert" time="5.183"/>
</testsuite> <!-- alerthandling.AcceptSimpleAlert -->
