<?xml version="1.0" encoding="UTF-8"?>
<!-- Generated by org.testng.reporters.JUnitReportReporter -->
<testsuite hostname="DESKTOP-LQEM3VC" failures="0" tests="1" name="webtablehandling.FetchTableColumnValue" time="5.741" errors="0" timestamp="2024-04-03T22:42:42 EDT" skipped="0">
  <testcase classname="webtablehandling.FetchTableColumnValue" name="fetchTableColumnValue" time="5.741"/>
</testsuite> <!-- webtablehandling.FetchTableColumnValue -->
