<?xml version="1.0" encoding="UTF-8"?>
<!-- Generated by org.testng.reporters.JUnitReportReporter -->
<testsuite hostname="DESKTOP-LQEM3VC" failures="0" tests="1" name="alerthandling.AcceptSimpleAlert" time="5.192" errors="0" timestamp="2024-05-06T23:32:46 EDT" skipped="0">
  <testcase classname="alerthandling.AcceptSimpleAlert" name="acceptAlert" time="5.192"/>
</testsuite> <!-- alerthandling.AcceptSimpleAlert -->
