<?xml version="1.0" encoding="UTF-8"?>
<!-- Generated by org.testng.reporters.JUnitReportReporter -->
<testsuite hostname="DESKTOP-LQEM3VC" failures="0" tests="1" name="headlessbrowserhandle.HeadlessFirefoxBrowserInPlaywright" time="3.136" errors="0" timestamp="2024-05-16T23:22:58 EDT" skipped="0">
  <testcase classname="headlessbrowserhandle.HeadlessFirefoxBrowserInPlaywright" name="openUrl" time="3.136"/>
</testsuite> <!-- headlessbrowserhandle.HeadlessFirefoxBrowserInPlaywright -->
