<?xml version="1.0" encoding="UTF-8"?>
<!-- Generated by org.testng.reporters.JUnitReportReporter -->
<testsuite hostname="DESKTOP-LQEM3VC" failures="0" tests="1" name="browserhanding.ChromeBrowser" time="6.123" errors="0" timestamp="2024-03-30T12:25:58 EDT" skipped="0">
  <testcase classname="browserhanding.ChromeBrowser" name="openUrl" time="6.123"/>
</testsuite> <!-- browserhanding.ChromeBrowser -->
