<?xml version="1.0" encoding="UTF-8"?>
<!-- Generated by org.testng.reporters.JUnitReportReporter -->
<testsuite hostname="DESKTOP-LQEM3VC" failures="0" tests="1" name="iframehandling.SwitchToFramesByID" time="0.045" errors="0" timestamp="2024-04-05T08:43:20 EDT" skipped="0">
  <testcase classname="iframehandling.SwitchToFramesByID" name="idendtifyIFramesById" time="0.045"/>
</testsuite> <!-- iframehandling.SwitchToFramesByID -->
