<?xml version="1.0" encoding="UTF-8"?>
<!-- Generated by org.testng.reporters.JUnitReportReporter -->
<testsuite hostname="DESKTOP-LQEM3VC" failures="0" tests="1" name="tabhandling.CreateNewTab" time="8.602" errors="0" timestamp="2024-04-10T23:04:11 EDT" skipped="0">
  <testcase classname="tabhandling.CreateNewTab" name="createNewTab" time="8.602"/>
</testsuite> <!-- tabhandling.CreateNewTab -->
