<?xml version="1.0" encoding="UTF-8"?>
<!-- Generated by org.testng.reporters.JUnitReportReporter -->
<testsuite hostname="DESKTOP-LQEM3VC" failures="0" tests="1" name="tabhandling.CountTheTabs" time="8.570" errors="0" timestamp="2024-04-10T23:06:11 EDT" skipped="0">
  <testcase classname="tabhandling.CountTheTabs" name="countTab" time="8.570"/>
</testsuite> <!-- tabhandling.CountTheTabs -->
