<?xml version="1.0" encoding="UTF-8"?>
<!-- Generated by org.testng.reporters.JUnitReportReporter -->
<testsuite hostname="DESKTOP-LQEM3VC" failures="0" tests="1" name="alerthandling.AcceptPromptAlert" time="2.207" errors="0" timestamp="2024-03-31T13:02:54 EDT" skipped="0">
  <testcase classname="alerthandling.AcceptPromptAlert" name="acceptAlert" time="2.207"/>
</testsuite> <!-- alerthandling.AcceptPromptAlert -->
