<?xml version="1.0" encoding="UTF-8"?>
<!-- Generated by org.testng.reporters.JUnitReportReporter -->
<testsuite hostname="DESKTOP-LQEM3VC" failures="0" tests="1" name="webdrivergetcommands.RetrieveAttributeValueByGetAttributeMethod" time="3.033" errors="0" timestamp="2024-03-30T05:09:10 EDT" skipped="0">
  <testcase classname="webdrivergetcommands.RetrieveAttributeValueByGetAttributeMethod" name="getAttributeMethod" time="3.033"/>
</testsuite> <!-- webdrivergetcommands.RetrieveAttributeValueByGetAttributeMethod -->
