<?xml version="1.0" encoding="UTF-8"?>
<!-- Generated by org.testng.reporters.JUnitReportReporter -->
<testsuite hostname="DESKTOP-LQEM3VC" failures="0" tests="1" name="alerthandling.AcceptSimpleAlert" time="2.098" errors="0" timestamp="2024-03-30T19:49:22 EDT" skipped="0">
  <testcase classname="alerthandling.AcceptSimpleAlert" name="acceptAlert" time="2.098"/>
</testsuite> <!-- alerthandling.AcceptSimpleAlert -->
