<?xml version="1.0" encoding="UTF-8"?>
<!-- Generated by org.testng.reporters.JUnitReportReporter -->
<testsuite hostname="DESKTOP-LQEM3VC" failures="0" tests="1" name="headlessbrowserhandle.HeadlessEdgeBrowserInPlaywright" time="4.522" errors="0" timestamp="2024-05-15T22:38:54 EDT" skipped="0">
  <testcase classname="headlessbrowserhandle.HeadlessEdgeBrowserInPlaywright" name="openUrl" time="4.522"/>
</testsuite> <!-- headlessbrowserhandle.HeadlessEdgeBrowserInPlaywright -->
