<?xml version="1.0" encoding="UTF-8"?>
<!-- Generated by org.testng.reporters.JUnitReportReporter -->
<testsuite hostname="DESKTOP-LQEM3VC" failures="0" tests="1" name="tabhandling.SwitchingOneTabToAnother" time="14.631" errors="0" timestamp="2024-04-10T23:10:37 EDT" skipped="0">
  <testcase classname="tabhandling.SwitchingOneTabToAnother" name="switchingTab" time="14.631"/>
</testsuite> <!-- tabhandling.SwitchingOneTabToAnother -->
