<?xml version="1.0" encoding="UTF-8"?>
<!-- Generated by org.testng.reporters.JUnitReportReporter -->
<testsuite hostname="DESKTOP-LQEM3VC" failures="0" tests="1" name="webdrivernavigationcommands.RefreshCommand" time="0.800" errors="0" timestamp="2024-03-29T11:59:20 EDT" skipped="0">
  <testcase classname="webdrivernavigationcommands.RefreshCommand" name="refreshCommand" time="0.800"/>
</testsuite> <!-- webdrivernavigationcommands.RefreshCommand -->
