<?xml version="1.0" encoding="UTF-8"?>
<!-- Generated by org.testng.reporters.JUnitReportReporter -->
<testsuite hostname="DESKTOP-LQEM3VC" failures="0" tests="1" name="headlessbrowserhandle.HeadlessFirefoxBrowserInPlaywright" time="1.242" errors="0" timestamp="2024-05-15T23:07:16 EDT" skipped="0">
  <testcase classname="headlessbrowserhandle.HeadlessFirefoxBrowserInPlaywright" name="openUrl" time="1.242"/>
</testsuite> <!-- headlessbrowserhandle.HeadlessFirefoxBrowserInPlaywright -->
