<?xml version="1.0" encoding="UTF-8"?>
<!-- Generated by org.testng.reporters.JUnitReportReporter -->
<testsuite hostname="DESKTOP-LQEM3VC" failures="0" tests="1" name="webdrivergetcommands.RetrieveTitleOfCurrentWebPage" time="1.026" errors="0" timestamp="2024-03-30T05:40:17 EDT" skipped="0">
  <testcase classname="webdrivergetcommands.RetrieveTitleOfCurrentWebPage" name="fetchTitle" time="1.026"/>
</testsuite> <!-- webdrivergetcommands.RetrieveTitleOfCurrentWebPage -->
