<?xml version="1.0" encoding="UTF-8"?>
<!-- Generated by org.testng.reporters.JUnitReportReporter -->
<testsuite hostname="DESKTOP-LQEM3VC" failures="0" tests="1" name="dropdownhandling.SelectByIndex" time="3.060" errors="0" timestamp="2024-03-30T20:29:51 EDT" skipped="0">
  <testcase classname="dropdownhandling.SelectByIndex" name="selectByIndex" time="3.060"/>
</testsuite> <!-- dropdownhandling.SelectByIndex -->
