<?xml version="1.0" encoding="UTF-8"?>
<!-- Generated by org.testng.reporters.JUnitReportReporter -->
<testsuite hostname="DESKTOP-LQEM3VC" failures="0" tests="1" name="headlessbrowserhandle.HeadlessChromeBrowserInPlaywright" time="2.336" errors="0" timestamp="2024-05-03T22:25:33 EDT" skipped="0">
  <testcase classname="headlessbrowserhandle.HeadlessChromeBrowserInPlaywright" name="openUrl" time="2.336"/>
</testsuite> <!-- headlessbrowserhandle.HeadlessChromeBrowserInPlaywright -->
