<?xml version="1.0" encoding="UTF-8"?>
<!-- Generated by org.testng.reporters.JUnitReportReporter -->
<testsuite hostname="DESKTOP-LQEM3VC" failures="0" tests="1" name="waits.ExplicitWait" time="5.144" errors="0" timestamp="2024-03-30T21:23:12 EDT" skipped="0">
  <testcase classname="waits.ExplicitWait" name="explicitWait" time="5.144"/>
</testsuite> <!-- waits.ExplicitWait -->
