<?xml version="1.0" encoding="UTF-8"?>
<!-- Generated by org.testng.reporters.JUnitReportReporter -->
<testsuite hostname="DESKTOP-LQEM3VC" failures="0" tests="1" name="scrollhandling.ScrollUp" time="8.478" errors="0" timestamp="2024-04-02T06:48:24 EDT" skipped="0">
  <testcase classname="scrollhandling.ScrollUp" name="scrollUp" time="8.478"/>
</testsuite> <!-- scrollhandling.ScrollUp -->
