<?xml version="1.0" encoding="UTF-8"?>
<!-- Generated by org.testng.reporters.JUnitReportReporter -->
<testsuite hostname="DESKTOP-LQEM3VC" failures="0" tests="1" name="scrollhandling.ScrollToElement" time="5.318" errors="0" timestamp="2024-04-02T07:58:11 EDT" skipped="0">
  <testcase classname="scrollhandling.ScrollToElement" name="scrollToSpecificElement" time="5.318"/>
</testsuite> <!-- scrollhandling.ScrollToElement -->
