<?xml version="1.0" encoding="UTF-8"?>
<!-- Generated by org.testng.reporters.JUnitReportReporter -->
<testsuite hostname="DESKTOP-LQEM3VC" failures="0" tests="1" name="tabhandling.CountTheTabs" time="4.130" errors="0" timestamp="2024-04-10T11:37:09 EDT" skipped="0">
  <testcase classname="tabhandling.CountTheTabs" name="countTab" time="4.130"/>
</testsuite> <!-- tabhandling.CountTheTabs -->
