<?xml version="1.0" encoding="UTF-8"?>
<!-- Generated by org.testng.reporters.JUnitReportReporter -->
<testsuite hostname="DESKTOP-LQEM3VC" failures="0" tests="1" name="iframehandling.SwitchToFramesByWebElement" time="0.074" errors="0" timestamp="2024-04-05T17:29:39 EDT" skipped="0">
  <testcase classname="iframehandling.SwitchToFramesByWebElement" name="idendtifyIFramesByWebElement" time="0.074"/>
</testsuite> <!-- iframehandling.SwitchToFramesByWebElement -->
