<?xml version="1.0" encoding="UTF-8"?>
<!-- Generated by org.testng.reporters.JUnitReportReporter -->
<testsuite hostname="DESKTOP-LQEM3VC" failures="0" tests="1" name="headlessbrowserhandle.HeadlessChromeBrowserInPlaywright" time="0.914" errors="0" timestamp="2024-05-15T22:43:38 EDT" skipped="0">
  <testcase classname="headlessbrowserhandle.HeadlessChromeBrowserInPlaywright" name="openUrl" time="0.914"/>
</testsuite> <!-- headlessbrowserhandle.HeadlessChromeBrowserInPlaywright -->
